running develop
running egg_info
creating controllers.egg-info
writing controllers.egg-info/PKG-INFO
writing dependency_links to controllers.egg-info/dependency_links.txt
writing entry points to controllers.egg-info/entry_points.txt
writing requirements to controllers.egg-info/requires.txt
writing top-level names to controllers.egg-info/top_level.txt
writing manifest file 'controllers.egg-info/SOURCES.txt'
reading manifest file 'controllers.egg-info/SOURCES.txt'
writing manifest file 'controllers.egg-info/SOURCES.txt'
running build_ext
Creating /home/ros2_ws/install/controllers/lib/python3.10/site-packages/controllers.egg-link (link to .)
Installing run_acados_nmpc script to /home/ros2_ws/install/controllers/lib/controllers
Installing run_ilqr script to /home/ros2_ws/install/controllers/lib/controllers
Installing run_lqr script to /home/ros2_ws/install/controllers/lib/controllers
Installing run_pid script to /home/ros2_ws/install/controllers/lib/controllers

Installed /home/ros2_ws/build/controllers
running install_data
creating /home/ros2_ws/install/controllers/share/ament_index
creating /home/ros2_ws/install/controllers/share/ament_index/resource_index
creating /home/ros2_ws/install/controllers/share/ament_index/resource_index/packages
copying resource/controllers -> /home/ros2_ws/install/controllers/share/ament_index/resource_index/packages
copying package.xml -> /home/ros2_ws/install/controllers/share/controllers
